<?xml version="1.0" encoding="UTF-8"?>
<testsuite xmlns:xsi="http://www.w3.org/2001/XMLSchema-instance" xsi:noNamespaceSchemaLocation="https://maven.apache.org/surefire/maven-surefire-plugin/xsd/surefire-test-report-3.0.xsd" version="3.0" name="TestSuite" time="4.716" tests="5" errors="0" skipped="0" failures="0">
  <properties>
    <property name="java.specification.version" value="19"/>
    <property name="sun.cpu.isalist" value="amd64"/>
    <property name="sun.jnu.encoding" value="Cp1252"/>
    <property name="java.class.path" value="C:\Users\Sam\IdeaProjects\Us_Batch7_RestAssured\target\test-classes;C:\Users\Sam\IdeaProjects\Us_Batch7_RestAssured\target\classes;C:\Users\Sam\.m2\repository\org\testng\testng\7.7.1\testng-7.7.1.jar;C:\Users\Sam\.m2\repository\org\slf4j\slf4j-api\1.7.36\slf4j-api-1.7.36.jar;C:\Users\Sam\.m2\repository\com\beust\jcommander\1.82\jcommander-1.82.jar;C:\Users\Sam\.m2\repository\org\webjars\jquery\3.6.1\jquery-3.6.1.jar;C:\Users\Sam\.m2\repository\io\rest-assured\rest-assured\5.3.0\rest-assured-5.3.0.jar;C:\Users\Sam\.m2\repository\org\apache\groovy\groovy\4.0.6\groovy-4.0.6.jar;C:\Users\Sam\.m2\repository\org\apache\groovy\groovy-xml\4.0.6\groovy-xml-4.0.6.jar;C:\Users\Sam\.m2\repository\org\apache\httpcomponents\httpclient\4.5.13\httpclient-4.5.13.jar;C:\Users\Sam\.m2\repository\org\apache\httpcomponents\httpcore\4.4.13\httpcore-4.4.13.jar;C:\Users\Sam\.m2\repository\commons-logging\commons-logging\1.2\commons-logging-1.2.jar;C:\Users\Sam\.m2\repository\commons-codec\commons-codec\1.11\commons-codec-1.11.jar;C:\Users\Sam\.m2\repository\org\apache\httpcomponents\httpmime\4.5.13\httpmime-4.5.13.jar;C:\Users\Sam\.m2\repository\org\hamcrest\hamcrest\2.1\hamcrest-2.1.jar;C:\Users\Sam\.m2\repository\org\ccil\cowan\tagsoup\tagsoup\1.2.1\tagsoup-1.2.1.jar;C:\Users\Sam\.m2\repository\io\rest-assured\json-path\5.3.0\json-path-5.3.0.jar;C:\Users\Sam\.m2\repository\org\apache\groovy\groovy-json\4.0.6\groovy-json-4.0.6.jar;C:\Users\Sam\.m2\repository\io\rest-assured\rest-assured-common\5.3.0\rest-assured-common-5.3.0.jar;C:\Users\Sam\.m2\repository\io\rest-assured\xml-path\5.3.0\xml-path-5.3.0.jar;C:\Users\Sam\.m2\repository\org\apache\commons\commons-lang3\3.11\commons-lang3-3.11.jar;C:\Users\Sam\.m2\repository\org\hamcrest\hamcrest-all\1.3\hamcrest-all-1.3.jar;C:\Users\Sam\.m2\repository\com\fasterxml\jackson\core\jackson-databind\2.14.2\jackson-databind-2.14.2.jar;C:\Users\Sam\.m2\repository\com\fasterxml\jackson\core\jackson-annotations\2.14.2\jackson-annotations-2.14.2.jar;C:\Users\Sam\.m2\repository\com\fasterxml\jackson\core\jackson-core\2.14.2\jackson-core-2.14.2.jar;"/>
    <property name="java.vm.vendor" value="Oracle Corporation"/>
    <property name="sun.arch.data.model" value="64"/>
    <property name="user.variant" value=""/>
    <property name="java.vendor.url" value="https://java.oracle.com/"/>
    <property name="user.timezone" value="America/Toronto"/>
    <property name="os.name" value="Windows 10"/>
    <property name="java.vm.specification.version" value="19"/>
    <property name="sun.java.launcher" value="SUN_STANDARD"/>
    <property name="user.country" value="CA"/>
    <property name="sun.boot.library.path" value="C:\Users\Sam\.jdks\openjdk-19.0.2\bin"/>
    <property name="sun.java.command" value="C:\Users\Sam\AppData\Local\Temp\surefire15749859740399167690\surefirebooter-20230516005157385_3.jar C:\Users\Sam\AppData\Local\Temp\surefire15749859740399167690 2023-05-16T00-51-57_316-jvmRun1 surefire-20230516005157385_1tmp surefire_0-20230516005157385_2tmp"/>
    <property name="jdk.debug" value="release"/>
    <property name="surefire.test.class.path" value="C:\Users\Sam\IdeaProjects\Us_Batch7_RestAssured\target\test-classes;C:\Users\Sam\IdeaProjects\Us_Batch7_RestAssured\target\classes;C:\Users\Sam\.m2\repository\org\testng\testng\7.7.1\testng-7.7.1.jar;C:\Users\Sam\.m2\repository\org\slf4j\slf4j-api\1.7.36\slf4j-api-1.7.36.jar;C:\Users\Sam\.m2\repository\com\beust\jcommander\1.82\jcommander-1.82.jar;C:\Users\Sam\.m2\repository\org\webjars\jquery\3.6.1\jquery-3.6.1.jar;C:\Users\Sam\.m2\repository\io\rest-assured\rest-assured\5.3.0\rest-assured-5.3.0.jar;C:\Users\Sam\.m2\repository\org\apache\groovy\groovy\4.0.6\groovy-4.0.6.jar;C:\Users\Sam\.m2\repository\org\apache\groovy\groovy-xml\4.0.6\groovy-xml-4.0.6.jar;C:\Users\Sam\.m2\repository\org\apache\httpcomponents\httpclient\4.5.13\httpclient-4.5.13.jar;C:\Users\Sam\.m2\repository\org\apache\httpcomponents\httpcore\4.4.13\httpcore-4.4.13.jar;C:\Users\Sam\.m2\repository\commons-logging\commons-logging\1.2\commons-logging-1.2.jar;C:\Users\Sam\.m2\repository\commons-codec\commons-codec\1.11\commons-codec-1.11.jar;C:\Users\Sam\.m2\repository\org\apache\httpcomponents\httpmime\4.5.13\httpmime-4.5.13.jar;C:\Users\Sam\.m2\repository\org\hamcrest\hamcrest\2.1\hamcrest-2.1.jar;C:\Users\Sam\.m2\repository\org\ccil\cowan\tagsoup\tagsoup\1.2.1\tagsoup-1.2.1.jar;C:\Users\Sam\.m2\repository\io\rest-assured\json-path\5.3.0\json-path-5.3.0.jar;C:\Users\Sam\.m2\repository\org\apache\groovy\groovy-json\4.0.6\groovy-json-4.0.6.jar;C:\Users\Sam\.m2\repository\io\rest-assured\rest-assured-common\5.3.0\rest-assured-common-5.3.0.jar;C:\Users\Sam\.m2\repository\io\rest-assured\xml-path\5.3.0\xml-path-5.3.0.jar;C:\Users\Sam\.m2\repository\org\apache\commons\commons-lang3\3.11\commons-lang3-3.11.jar;C:\Users\Sam\.m2\repository\org\hamcrest\hamcrest-all\1.3\hamcrest-all-1.3.jar;C:\Users\Sam\.m2\repository\com\fasterxml\jackson\core\jackson-databind\2.14.2\jackson-databind-2.14.2.jar;C:\Users\Sam\.m2\repository\com\fasterxml\jackson\core\jackson-annotations\2.14.2\jackson-annotations-2.14.2.jar;C:\Users\Sam\.m2\repository\com\fasterxml\jackson\core\jackson-core\2.14.2\jackson-core-2.14.2.jar;"/>
    <property name="sun.cpu.endian" value="little"/>
    <property name="user.home" value="C:\Users\Sam"/>
    <property name="user.language" value="en"/>
    <property name="java.specification.vendor" value="Oracle Corporation"/>
    <property name="java.version.date" value="2023-01-17"/>
    <property name="java.home" value="C:\Users\Sam\.jdks\openjdk-19.0.2"/>
    <property name="file.separator" value="\"/>
    <property name="basedir" value="C:\Users\Sam\IdeaProjects\Us_Batch7_RestAssured"/>
    <property name="java.vm.compressedOopsMode" value="Zero based"/>
    <property name="line.separator" value="&#10;"/>
    <property name="java.vm.specification.vendor" value="Oracle Corporation"/>
    <property name="java.specification.name" value="Java Platform API Specification"/>
    <property name="surefire.real.class.path" value="C:\Users\Sam\AppData\Local\Temp\surefire15749859740399167690\surefirebooter-20230516005157385_3.jar"/>
    <property name="user.script" value=""/>
    <property name="sun.management.compiler" value="HotSpot 64-Bit Tiered Compilers"/>
    <property name="java.runtime.version" value="19.0.2+7-44"/>
    <property name="user.name" value="Sam"/>
    <property name="stdout.encoding" value="Cp1252"/>
    <property name="path.separator" value=";"/>
    <property name="os.version" value="10.0"/>
    <property name="java.runtime.name" value="OpenJDK Runtime Environment"/>
    <property name="file.encoding" value="UTF-8"/>
    <property name="java.vm.name" value="OpenJDK 64-Bit Server VM"/>
    <property name="localRepository" value="C:\Users\Sam\.m2\repository"/>
    <property name="java.vendor.url.bug" value="https://bugreport.java.com/bugreport/"/>
    <property name="java.io.tmpdir" value="C:\Users\Sam\AppData\Local\Temp\"/>
    <property name="idea.version" value="2022.3.1"/>
    <property name="java.version" value="19.0.2"/>
    <property name="user.dir" value="C:\Users\Sam\IdeaProjects\Us_Batch7_RestAssured"/>
    <property name="os.arch" value="amd64"/>
    <property name="java.vm.specification.name" value="Java Virtual Machine Specification"/>
    <property name="sun.os.patch.level" value=""/>
    <property name="native.encoding" value="Cp1252"/>
    <property name="java.library.path" value="C:\Users\Sam\.jdks\openjdk-19.0.2\bin;C:\WINDOWS\Sun\Java\bin;C:\WINDOWS\system32;C:\WINDOWS;C:\Program Files\Common Files\Oracle\Java\javapath;C:\Program Files (x86)\Common Files\Oracle\Java\javapath;C:\WINDOWS\system32;C:\WINDOWS;C:\WINDOWS\System32\Wbem;C:\WINDOWS\System32\WindowsPowerShell\v1.0\;C:\WINDOWS\System32\OpenSSH\;C:\Program Files (x86)\NVIDIA Corporation\PhysX\Common;C:\Program Files\NVIDIA Corporation\NVIDIA NvDLISR;C:\Program Files\PuTTY\;C:\Program Files\Git\cmd;C:\Users\Sam\AppData\Local\Microsoft\WindowsApps;;."/>
    <property name="java.vm.info" value="mixed mode, sharing"/>
    <property name="stderr.encoding" value="Cp1252"/>
    <property name="java.vendor" value="Oracle Corporation"/>
    <property name="java.vm.version" value="19.0.2+7-44"/>
    <property name="sun.io.unicode.encoding" value="UnicodeLittle"/>
    <property name="java.class.version" value="63.0"/>
  </properties>
  <testcase name="createCountry" classname="Campus.CountryTest" time="0.541">
    <system-out><![CDATA[{
    "access_token": "eyJhbGciOiJSUzI1NiIsInR5cCI6IkpXVCJ9.eyJwYXNzd29yZENoYW5nZSI6ZmFsc2UsInVzZXJfbmFtZSI6InR1cmtleXRzIiwic2NvcGUiOlsib3BlbmlkIl0sImV4cCI6MTY4NDIxMzAxOSwiaWF0IjoxNjg0MjEyNzE5LCJhdXRob3JpdGllcyI6WyJST0xFX0VWRVJZT05FIiwiUk9MRV9JTkNJREVOVF9NQU5BR0VSIiwiUk9MRV9TQ0hPT0xfQURNSU4iLCJST0xFX0hFQURfVEVBQ0hFUiIsIlJPTEVfVEVDSE5PX1RFU1QiXSwianRpIjoiUVVRd3J6VzA2RHh3Y3BuM3R6M0JLQk15anVzIiwiY2xpZW50X2lkIjoid2ViX2FwcCIsInVzZXJuYW1lIjoidHVya2V5dHMifQ.UZ7ZIqVA_ieQ9Q95uZoVCcmFEMUav3uvE8HekDqYvXCY3JoRcntFc12ueXgPyfoGhtMvkkU1DWkfDFkeW6KnA_gYYQ8Ezdg8kx2ofNC5rNOF1110-9vx_57uJ7-x-buEjTuRJ82WZFRaPWG_c38kP2QGK2HCw1RaCntRqQTvfNJopmn9kzZfSZw-jQQ61LUVha9kUJ5zUxXWwmFHXZFQRyyMbZeRA2DfiT4TNurdz5K0m2yHb27T88tapf51bl4BidHtw2YwqhmcJ6233W8OvCGa1cvXdyV58ObtMiJ9mrmMVc1gUo8r7IS1-pddIV1sv-GuZE13hVPCOJLofs7v-Q",
    "token_type": "bearer",
    "refresh_token": "eyJhbGciOiJSUzI1NiIsInR5cCI6IkpXVCJ9.eyJwYXNzd29yZENoYW5nZSI6ZmFsc2UsInVzZXJfbmFtZSI6InR1cmtleXRzIiwic2NvcGUiOlsib3BlbmlkIl0sImF0aSI6IlFVUXdyelcwNkR4d2NwbjN0ejNCS0JNeWp1cyIsImV4cCI6MTY4NDgxNzUxOSwiaWF0IjoxNjg0MjEyNzE5LCJhdXRob3JpdGllcyI6WyJST0xFX0VWRVJZT05FIiwiUk9MRV9JTkNJREVOVF9NQU5BR0VSIiwiUk9MRV9TQ0hPT0xfQURNSU4iLCJST0xFX0hFQURfVEVBQ0hFUiIsIlJPTEVfVEVDSE5PX1RFU1QiXSwianRpIjoiWWhpaTF6TXNwWWR3clJEenZrSEFjR3NVMU9zIiwiY2xpZW50X2lkIjoid2ViX2FwcCIsInVzZXJuYW1lIjoidHVya2V5dHMifQ.gXg3zf0iWFLMBowqoAyHHLW-ih6ThXp7CInZyPQhQqdlnFeD7TsEM8U935m2V26zYi0jkJ5AJoDHgNuKIP8R_oiJAA1ALdA8XGW7lDzHesNWsn2rQbxPiCTuNRFA2rIwGeYu7XrzWDuT0lOqjUSHS9BjUunfgvJXLBvwa_ajIWMNuQR0jYl2bT581V3lbZK56S1QNw0FLzifKQapbC9nR43SKBetnfrXgn9-ZuKCqCeU5QAkAXLv_ABrbPar5AgbieGgACoQyJw37ed4YJvA0nIzRU6N4kzrNYMeMqKnFw8N2pLjnGRxCDWbDk7tlavKhWGYsh64PR8vRPOOJmeZ8Q",
    "expires_in": 298,
    "scope": "openid",
    "passwordChange": false,
    "username": "turkeyts",
    "iat": 1684212719,
    "jti": "QUQwrzW06Dxwcpn3tz3BKBMyjus",
    "is_2fa_enabled": false
}
{
    "id": "64630bf0c2a61a13fdb76832",
    "name": "RxGjUSeU",
    "shortName": null,
    "translateName": null,
    "code": "Tnv",
    "hasState": false
}
]]></system-out>
    <system-err><![CDATA[SLF4J: Failed to load class "org.slf4j.impl.StaticLoggerBinder".
SLF4J: Defaulting to no-operation (NOP) logger implementation
SLF4J: See http://www.slf4j.org/codes.html#StaticLoggerBinder for further details.
]]></system-err>
  </testcase>
  <testcase name="createCountryNegativeTest" classname="Campus.CountryTest" time="0.434"/>
  <testcase name="updateCountry" classname="Campus.CountryTest" time="0.779"/>
  <testcase name="deleteCountry" classname="Campus.CountryTest" time="0.419"/>
  <testcase name="deleteCountryNegativeTest" classname="Campus.CountryTest" time="0.398"/>
</testsuite>