<?xml version="1.0" encoding="UTF-8"?>
<!-- Generated by org.testng.reporters.JUnitReportReporter -->
<testsuite hostname="DESKTOP-4IT0IUF" failures="0" tests="5" name="Campus.CountryTest" time="2.570" errors="0" timestamp="2023-05-16T00:52:02 EDT" skipped="0">
  <testcase classname="Campus.CountryTest" name="createCountry" time="0.540"/>
  <system-out/>
  <testcase classname="Campus.CountryTest" name="createCountryNegativeTest" time="0.434"/>
  <system-out/>
  <testcase classname="Campus.CountryTest" name="updateCountry" time="0.779"/>
  <system-out/>
  <testcase classname="Campus.CountryTest" name="deleteCountry" time="0.419"/>
  <system-out/>
  <testcase classname="Campus.CountryTest" name="deleteCountryNegativeTest" time="0.398"/>
  <system-out/>
</testsuite> <!-- Campus.CountryTest -->
